0 info it worked if it ends with ok
1 verbose cli [ '/home/tony/.nvm/versions/node/v6.9.0/bin/node',
1 verbose cli   '/home/tony/.nvm/versions/node/v6.9.0/bin/npm',
1 verbose cli   'start' ]
2 info using npm@3.10.8
3 info using node@v6.9.0
4 verbose config Skipping project config: /home/tony/.npmrc. (matches userconfig)
5 verbose stack Error: ENOENT: no such file or directory, open '/home/tony/package.json'
5 verbose stack     at Error (native)
6 verbose cwd /home/tony/django/knowledge-django-rest
7 error Linux 4.4.0-72-generic
8 error argv "/home/tony/.nvm/versions/node/v6.9.0/bin/node" "/home/tony/.nvm/versions/node/v6.9.0/bin/npm" "start"
9 error node v6.9.0
10 error npm  v3.10.8
11 error path /home/tony/package.json
12 error code ENOENT
13 error errno -2
14 error syscall open
15 error enoent ENOENT: no such file or directory, open '/home/tony/package.json'
16 error enoent ENOENT: no such file or directory, open '/home/tony/package.json'
16 error enoent This is most likely not a problem with npm itself
16 error enoent and is related to npm not being able to find a file.
17 verbose exit [ -2, true ]
