0 info it worked if it ends with ok
1 verbose cli [ '/home/tony/.nvm/versions/node/v6.9.0/bin/node',
1 verbose cli   '/home/tony/.nvm/versions/node/v6.9.0/bin/npm',
1 verbose cli   'start' ]
2 info using npm@3.10.8
3 info using node@v6.9.0
4 verbose run-script [ 'prestart', 'start', 'poststart' ]
5 info lifecycle knowledge-grids@1.0.0~prestart: knowledge-grids@1.0.0
6 silly lifecycle knowledge-grids@1.0.0~prestart: no script for prestart, continuing
7 info lifecycle knowledge-grids@1.0.0~start: knowledge-grids@1.0.0
8 verbose lifecycle knowledge-grids@1.0.0~start: unsafe-perm in lifecycle true
9 verbose lifecycle knowledge-grids@1.0.0~start: PATH: /home/tony/.nvm/versions/node/v6.9.0/lib/node_modules/npm/bin/node-gyp-bin:/home/tony/django/knowledge-django-rest/react/node_modules/.bin:/home/tony/.nvm/versions/node/v6.9.0/bin:/home/tony/.rvm/gems/ruby-2.4.0/bin:/home/tony/.rvm/gems/ruby-2.4.0@global/bin:/home/tony/.rvm/rubies/ruby-2.4.0/bin:/usr/local/sbin:/usr/local/bin:/usr/sbin:/usr/bin:/sbin:/bin:/usr/games:/usr/local/games:/home/tony/.rvm/bin:/home/tony/.rvm/bin:/home/tony/.rvm/bin
10 verbose lifecycle knowledge-grids@1.0.0~start: CWD: /home/tony/django/knowledge-django-rest/react
11 silly lifecycle knowledge-grids@1.0.0~start: Args: [ '-c', 'webpack-dev-server' ]
12 silly lifecycle knowledge-grids@1.0.0~start: Returned: code: 1  signal: null
13 info lifecycle knowledge-grids@1.0.0~start: Failed to exec start script
14 verbose stack Error: knowledge-grids@1.0.0 start: `webpack-dev-server`
14 verbose stack Exit status 1
14 verbose stack     at EventEmitter.<anonymous> (/home/tony/.nvm/versions/node/v6.9.0/lib/node_modules/npm/lib/utils/lifecycle.js:255:16)
14 verbose stack     at emitTwo (events.js:106:13)
14 verbose stack     at EventEmitter.emit (events.js:191:7)
14 verbose stack     at ChildProcess.<anonymous> (/home/tony/.nvm/versions/node/v6.9.0/lib/node_modules/npm/lib/utils/spawn.js:40:14)
14 verbose stack     at emitTwo (events.js:106:13)
14 verbose stack     at ChildProcess.emit (events.js:191:7)
14 verbose stack     at maybeClose (internal/child_process.js:877:16)
14 verbose stack     at Process.ChildProcess._handle.onexit (internal/child_process.js:226:5)
15 verbose pkgid knowledge-grids@1.0.0
16 verbose cwd /home/tony/django/knowledge-django-rest/react
17 error Linux 4.4.0-72-generic
18 error argv "/home/tony/.nvm/versions/node/v6.9.0/bin/node" "/home/tony/.nvm/versions/node/v6.9.0/bin/npm" "start"
19 error node v6.9.0
20 error npm  v3.10.8
21 error code ELIFECYCLE
22 error knowledge-grids@1.0.0 start: `webpack-dev-server`
22 error Exit status 1
23 error Failed at the knowledge-grids@1.0.0 start script 'webpack-dev-server'.
23 error Make sure you have the latest version of node.js and npm installed.
23 error If you do, this is most likely a problem with the knowledge-grids package,
23 error not with npm itself.
23 error Tell the author that this fails on your system:
23 error     webpack-dev-server
23 error You can get information on how to open an issue for this project with:
23 error     npm bugs knowledge-grids
23 error Or if that isn't available, you can get their info via:
23 error     npm owner ls knowledge-grids
23 error There is likely additional logging output above.
24 verbose exit [ 1, true ]
